Using pre-set license
Built from '2022.3/staging' branch; Version is '2022.3.23f1 (dbb3f7c5b5c6) revision 14398455'; Using compiler version '192829333'; Build Type 'Release'
OS: 'Windows 11  (10.0.22631) 64bit Professional' Language: 'ja' Physical Memory: 32530 MB
BatchMode: 1, IsHumanControllingUs: 0, StartBugReporterOnCrash: 0, Is64bit: 1, IsPro: 1

COMMAND LINE ARGUMENTS:
C:\Program Files\Unity\Hub\Editor\2022.3.23f1\Editor\Unity.exe
-adb2
-batchMode
-noUpm
-name
AssetImportWorker0
-projectPath
C:/Users/y9800/UnityProject/EchoTrail/EchoTrail
-logFile
Logs/AssetImportWorker0.log
-srvPort
62035
Successfully changed project path to: C:/Users/y9800/UnityProject/EchoTrail/EchoTrail
C:/Users/y9800/UnityProject/EchoTrail/EchoTrail
[UnityMemory] Configuration Parameters - Can be set up in boot.config
    "memorysetup-bucket-allocator-granularity=16"
    "memorysetup-bucket-allocator-bucket-count=8"
    "memorysetup-bucket-allocator-block-size=33554432"
    "memorysetup-bucket-allocator-block-count=8"
    "memorysetup-main-allocator-block-size=16777216"
    "memorysetup-thread-allocator-block-size=16777216"
    "memorysetup-gfx-main-allocator-block-size=16777216"
    "memorysetup-gfx-thread-allocator-block-size=16777216"
    "memorysetup-cache-allocator-block-size=4194304"
    "memorysetup-typetree-allocator-block-size=2097152"
    "memorysetup-profiler-bucket-allocator-granularity=16"
    "memorysetup-profiler-bucket-allocator-bucket-count=8"
    "memorysetup-profiler-bucket-allocator-block-size=33554432"
    "memorysetup-profiler-bucket-allocator-block-count=8"
    "memorysetup-profiler-allocator-block-size=16777216"
    "memorysetup-profiler-editor-allocator-block-size=1048576"
    "memorysetup-temp-allocator-size-main=16777216"
    "memorysetup-job-temp-allocator-block-size=2097152"
    "memorysetup-job-temp-allocator-block-size-background=1048576"
    "memorysetup-job-temp-allocator-reduction-small-platforms=262144"
    "memorysetup-allocator-temp-initial-block-size-main=262144"
    "memorysetup-allocator-temp-initial-block-size-worker=262144"
    "memorysetup-temp-allocator-size-background-worker=32768"
    "memorysetup-temp-allocator-size-job-worker=262144"
    "memorysetup-temp-allocator-size-preload-manager=33554432"
    "memorysetup-temp-allocator-size-nav-mesh-worker=65536"
    "memorysetup-temp-allocator-size-audio-worker=65536"
    "memorysetup-temp-allocator-size-cloud-worker=32768"
    "memorysetup-temp-allocator-size-gi-baking-worker=262144"
    "memorysetup-temp-allocator-size-gfx=262144"
Player connection [42776] Host "[IP] 172.21.142.13 [Port] 0 [Flags] 2 [Guid] 885030411 [EditorId] 885030411 [Version] 1048832 [Id] WindowsEditor(7,DESKTOP-AAMQ28N) [Debug] 1 [PackageName] WindowsEditor [ProjectName] Editor" joined multi-casting on [225.0.0.222:54997]...

Player connection [42776] Host "[IP] 172.21.142.13 [Port] 0 [Flags] 2 [Guid] 885030411 [EditorId] 885030411 [Version] 1048832 [Id] WindowsEditor(7,DESKTOP-AAMQ28N) [Debug] 1 [PackageName] WindowsEditor [ProjectName] Editor" joined alternative multi-casting on [225.0.0.222:34997]...

[Physics::Module] Initialized MultithreadedJobDispatcher with 15 workers.
Refreshing native plugins compatible for Editor in 10.67 ms, found 3 plugins.
Preloading 0 native plugins for Editor in 0.00 ms.
Initialize engine version: 2022.3.23f1 (dbb3f7c5b5c6)
[Subsystems] Discovering subsystems at path C:/Program Files/Unity/Hub/Editor/2022.3.23f1/Editor/Data/Resources/UnitySubsystems
[Subsystems] Discovering subsystems at path C:/Users/y9800/UnityProject/EchoTrail/EchoTrail/Assets
GfxDevice: creating device client; threaded=0; jobified=0
Direct3D:
    Version:  Direct3D 11.0 [level 11.1]
    Renderer: NVIDIA GeForce RTX 3080 Laptop GPU (ID=0x24dc)
    Vendor:   NVIDIA
    VRAM:     8018 MB
    Driver:   32.0.15.6081
Initialize mono
Mono path[0] = 'C:/Program Files/Unity/Hub/Editor/2022.3.23f1/Editor/Data/Managed'
Mono path[1] = 'C:/Program Files/Unity/Hub/Editor/2022.3.23f1/Editor/Data/MonoBleedingEdge/lib/mono/unityjit-win32'
Mono config path = 'C:/Program Files/Unity/Hub/Editor/2022.3.23f1/Editor/Data/MonoBleedingEdge/etc'
Using monoOptions --debugger-agent=transport=dt_socket,embedding=1,server=y,suspend=n,address=127.0.0.1:56756
Begin MonoManager ReloadAssembly
Registering precompiled unity dll's ...
Register platform support module: C:/Program Files/Unity/Hub/Editor/2022.3.23f1/Editor/Data/PlaybackEngines/WindowsStandaloneSupport/UnityEditor.WindowsStandalone.Extensions.dll
Registered in 0.008485 seconds.
- Loaded All Assemblies, in  0.471 seconds
Native extension for WindowsStandalone target not found
Mono: successfully reloaded assembly
- Finished resetting the current domain, in  0.338 seconds
Domain Reload Profiling: 807ms
	BeginReloadAssembly (163ms)
		ExecutionOrderSort (0ms)
		DisableScriptedObjects (0ms)
		BackupInstance (0ms)
		ReleaseScriptingObjects (0ms)
		CreateAndSetChildDomain (1ms)
	RebuildCommonClasses (44ms)
	RebuildNativeTypeToScriptingClass (13ms)
	initialDomainReloadingComplete (72ms)
	LoadAllAssembliesAndSetupDomain (176ms)
		LoadAssemblies (160ms)
		RebuildTransferFunctionScriptingTraits (0ms)
		AnalyzeDomain (174ms)
			TypeCache.Refresh (172ms)
				TypeCache.ScanAssembly (156ms)
			ScanForSourceGeneratedMonoScriptInfo (1ms)
			ResolveRequiredComponents (1ms)
	FinalizeReload (339ms)
		ReleaseScriptCaches (0ms)
		RebuildScriptCaches (0ms)
		SetupLoadedEditorAssemblies (263ms)
			LogAssemblyErrors (0ms)
			InitializePlatformSupportModulesInManaged (12ms)
			SetLoadedEditorAssemblies (8ms)
			RefreshPlugins (0ms)
			BeforeProcessingInitializeOnLoad (2ms)
			ProcessInitializeOnLoadAttributes (177ms)
			ProcessInitializeOnLoadMethodAttributes (63ms)
			AfterProcessingInitializeOnLoad (0ms)
			EditorAssembliesLoaded (0ms)
		ExecutionOrderSort2 (0ms)
		AwakeInstancesAfterBackupRestoration (0ms)
========================================================================
Worker process is ready to serve import requests
Begin MonoManager ReloadAssembly
- Loaded All Assemblies, in  0.714 seconds
Refreshing native plugins compatible for Editor in 3.60 ms, found 3 plugins.
Native extension for WindowsStandalone target not found
Mono: successfully reloaded assembly
- Finished resetting the current domain, in  0.676 seconds
Domain Reload Profiling: 1387ms
	BeginReloadAssembly (169ms)
		ExecutionOrderSort (0ms)
		DisableScriptedObjects (5ms)
		BackupInstance (0ms)
		ReleaseScriptingObjects (0ms)
		CreateAndSetChildDomain (29ms)
	RebuildCommonClasses (39ms)
	RebuildNativeTypeToScriptingClass (13ms)
	initialDomainReloadingComplete (48ms)
	LoadAllAssembliesAndSetupDomain (442ms)
		LoadAssemblies (330ms)
		RebuildTransferFunctionScriptingTraits (0ms)
		AnalyzeDomain (209ms)
			TypeCache.Refresh (187ms)
				TypeCache.ScanAssembly (169ms)
			ScanForSourceGeneratedMonoScriptInfo (14ms)
			ResolveRequiredComponents (7ms)
	FinalizeReload (677ms)
		ReleaseScriptCaches (0ms)
		RebuildScriptCaches (0ms)
		SetupLoadedEditorAssemblies (508ms)
			LogAssemblyErrors (0ms)
			InitializePlatformSupportModulesInManaged (14ms)
			SetLoadedEditorAssemblies (5ms)
			RefreshPlugins (0ms)
			BeforeProcessingInitializeOnLoad (68ms)
			ProcessInitializeOnLoadAttributes (391ms)
			ProcessInitializeOnLoadMethodAttributes (21ms)
			AfterProcessingInitializeOnLoad (9ms)
			EditorAssembliesLoaded (0ms)
		ExecutionOrderSort2 (0ms)
		AwakeInstancesAfterBackupRestoration (7ms)
Launched and connected shader compiler UnityShaderCompiler.exe after 0.06 seconds
Refreshing native plugins compatible for Editor in 6.08 ms, found 3 plugins.
Preloading 0 native plugins for Editor in 0.00 ms.
Unloading 3103 Unused Serialized files (Serialized files now loaded: 0)
Unloading 33 unused Assets / (56.9 KB). Loaded Objects now: 3564.
Memory consumption went from 121.4 MB to 121.4 MB.
Total: 3.934700 ms (FindLiveObjects: 0.338900 ms CreateObjectMapping: 0.368500 ms MarkObjects: 2.997300 ms  DeleteObjects: 0.225100 ms)

AssetImportParameters requested are different than current active one (requested -> active):
  custom:container-demuxer-ogg: 62fdf1f143b41e24485cea50d1cbac27 -> 
  custom:video-codec-MediaFoundation-h265: 746d11721c4dcdbdad8f713fa42b33f4 -> 
  custom:video-decoder-ogg-theora: a1e56fd34408186e4bbccfd4996cb3dc -> 
  custom:framework-win-MediaFoundation: 216162199b28c13a410421893ffa2e32 -> 
  custom:CustomObjectIndexerAttribute: 9a22284fe3817be447336de3de66b15e -> 
  custom:container-demuxer-webm: 4f35f7cbe854078d1ac9338744f61a02 -> 
  custom:container-muxer-webm: aa71ff27fc2769a1b78a27578f13a17b -> 
  custom:video-decoder-webm-vp8: 9c59270c3fd7afecdb556c50c9e8de78 -> 
  custom:SearchIndexIgnoredProperties: e643bd26f0fe6173181afceb89e7c659 -> 
  custom:AudioImporter_EditorPlatform: d09bf68614088b80899f8185d706f6e7 -> 
  custom:video-encoder-webm-vp8: eb34c28f22e8b96e1ab97ce403110664 -> 
  custom:audio-decoder-ogg-vorbis: bf7c407c2cedff20999df2af8eb42d56 -> 
  custom:audio-encoder-webm-vorbis: bf7c407c2cedff20999df2af8eb42d56 -> 
========================================================================
Received Import Request.
  Time since last request: 258830.241940 seconds.
  path: Packages/com.unity.testtools.codecoverage/package.json
  artifactKey: Guid(ba7d60725b0ec604698819352642be89) Importer(815301076,1909f56bfc062723c751e8b465ee728b)
Start importing Packages/com.unity.testtools.codecoverage/package.json using Guid(ba7d60725b0ec604698819352642be89) Importer(815301076,1909f56bfc062723c751e8b465ee728b)  -> (artifact id: '312a15105b5b1a672fbbc01e4b0c349f') in 0.014971 seconds
Number of updated asset objects reloaded before import = 0
Number of asset objects unloaded after import = 1
========================================================================
Received Import Request.
  Time since last request: 0.000032 seconds.
  path: Packages/com.unity.ext.nunit/package.json
  artifactKey: Guid(8143d3a8390f2c64685e3bc272bd9e90) Importer(815301076,1909f56bfc062723c751e8b465ee728b)
Start importing Packages/com.unity.ext.nunit/package.json using Guid(8143d3a8390f2c64685e3bc272bd9e90) Importer(815301076,1909f56bfc062723c751e8b465ee728b)  -> (artifact id: '02e6ff00f4d339ca929f0df7e6e68e04') in 0.001350 seconds
Number of updated asset objects reloaded before import = 0
Number of asset objects unloaded after import = 1
========================================================================
Received Import Request.
  Time since last request: 0.000012 seconds.
  path: Packages/com.unity.ide.rider/package.json
  artifactKey: Guid(66c95bb3c74257f41bae2622511dc02d) Importer(815301076,1909f56bfc062723c751e8b465ee728b)
Start importing Packages/com.unity.ide.rider/package.json using Guid(66c95bb3c74257f41bae2622511dc02d) Importer(815301076,1909f56bfc062723c751e8b465ee728b)  -> (artifact id: '434b8ff34e8791c8c1b6c8da00030ca2') in 0.001018 seconds
Number of updated asset objects reloaded before import = 0
Number of asset objects unloaded after import = 1
========================================================================
Received Import Request.
  Time since last request: 134.543309 seconds.
  path: Assets/Cubes
  artifactKey: Guid(cf2a37c6d9f969140a2b1cea52b5ec34) Importer(815301076,1909f56bfc062723c751e8b465ee728b)
Start importing Assets/Cubes using Guid(cf2a37c6d9f969140a2b1cea52b5ec34) Importer(815301076,1909f56bfc062723c751e8b465ee728b)  -> (artifact id: 'bb1e367b1dd260353a89e5b77e8d4f32') in 0.000481 seconds
Number of updated asset objects reloaded before import = 0
Number of asset objects unloaded after import = 0
========================================================================
Received Import Request.
  Time since last request: 1273.408697 seconds.
  path: Assets/LowPolyAfricanInstruments
  artifactKey: Guid(ce4de370439f4354e88a6ab72d6d9737) Importer(815301076,1909f56bfc062723c751e8b465ee728b)
Start importing Assets/LowPolyAfricanInstruments using Guid(ce4de370439f4354e88a6ab72d6d9737) Importer(815301076,1909f56bfc062723c751e8b465ee728b)  -> (artifact id: '44c6d4a546668a2a07d647c272a54d41') in 0.000589 seconds
Number of updated asset objects reloaded before import = 0
Number of asset objects unloaded after import = 0
========================================================================
Received Import Request.
  Time since last request: 14.746127 seconds.
  path: Assets/Cubes
  artifactKey: Guid(ce4de370439f4354e88a6ab72d6d9737) Importer(815301076,1909f56bfc062723c751e8b465ee728b)
Start importing Assets/Cubes using Guid(ce4de370439f4354e88a6ab72d6d9737) Importer(815301076,1909f56bfc062723c751e8b465ee728b)  -> (artifact id: '8e60ca7203d27b5a8585403dcff9e15d') in 0.000517 seconds
Number of updated asset objects reloaded before import = 0
Number of asset objects unloaded after import = 0
========================================================================
Received Import Request.
  Time since last request: 17.487862 seconds.
  path: Assets/Cubes/Meshes/Bell_001.fbx
  artifactKey: Guid(523bafb94047b3a488a6d72ad3d42453) Importer(815301076,1909f56bfc062723c751e8b465ee728b)
Start importing Assets/Cubes/Meshes/Bell_001.fbx using Guid(523bafb94047b3a488a6d72ad3d42453) Importer(815301076,1909f56bfc062723c751e8b465ee728b)  -> (artifact id: 'b192e784c19bf88301e56d64f18c9796') in 0.635035 seconds
Number of updated asset objects reloaded before import = 0
Number of asset objects unloaded after import = 9
========================================================================
Received Import Request.
  Time since last request: 0.000029 seconds.
  path: Assets/Cubes/Meshes/Didgeridoo.fbx
  artifactKey: Guid(b70d47a5ba9bd94448ca9ed61a0b58a7) Importer(815301076,1909f56bfc062723c751e8b465ee728b)
Start importing Assets/Cubes/Meshes/Didgeridoo.fbx using Guid(b70d47a5ba9bd94448ca9ed61a0b58a7) Importer(815301076,1909f56bfc062723c751e8b465ee728b)  -> (artifact id: '79898d8149f521adbea932afd8577889') in 0.043446 seconds
Number of updated asset objects reloaded before import = 0
Number of asset objects unloaded after import = 9
========================================================================
Received Import Request.
  Time since last request: 0.000034 seconds.
  path: Assets/Cubes/Meshes/Shaker.fbx
  artifactKey: Guid(ca9ecad9df8d5d049a4f14bfa048be43) Importer(815301076,1909f56bfc062723c751e8b465ee728b)
Start importing Assets/Cubes/Meshes/Shaker.fbx using Guid(ca9ecad9df8d5d049a4f14bfa048be43) Importer(815301076,1909f56bfc062723c751e8b465ee728b)  -> (artifact id: '850a410850fd755eadffc403543843ed') in 0.039719 seconds
Number of updated asset objects reloaded before import = 0
Number of asset objects unloaded after import = 8
========================================================================
Received Import Request.
  Time since last request: 0.000022 seconds.
  path: Assets/Cubes/Meshes/Table_002.fbx
  artifactKey: Guid(846773ac83d926742b5e7d869193267c) Importer(815301076,1909f56bfc062723c751e8b465ee728b)
Start importing Assets/Cubes/Meshes/Table_002.fbx using Guid(846773ac83d926742b5e7d869193267c) Importer(815301076,1909f56bfc062723c751e8b465ee728b)  -> (artifact id: 'f66f9f19085de54b8d4dd9dc20c044bf') in 0.047234 seconds
Number of updated asset objects reloaded before import = 0
Number of asset objects unloaded after import = 9
========================================================================
Received Import Request.
  Time since last request: 0.000026 seconds.
  path: Assets/Cubes/Meshes/TalkingDrumStick.fbx
  artifactKey: Guid(9bf1c3e2a06b9f346bb9f038ffef8171) Importer(815301076,1909f56bfc062723c751e8b465ee728b)
Start importing Assets/Cubes/Meshes/TalkingDrumStick.fbx using Guid(9bf1c3e2a06b9f346bb9f038ffef8171) Importer(815301076,1909f56bfc062723c751e8b465ee728b)  -> (artifact id: '61131299b42eb4d0ee09bd47a519688a') in 0.037085 seconds
Number of updated asset objects reloaded before import = 0
Number of asset objects unloaded after import = 8
========================================================================
Received Import Request.
  Time since last request: 0.000020 seconds.
  path: Assets/Cubes/Meshes/BongoElephant_001.fbx
  artifactKey: Guid(5df4dd81d3f53ac46a93f8254215bf3e) Importer(815301076,1909f56bfc062723c751e8b465ee728b)
Start importing Assets/Cubes/Meshes/BongoElephant_001.fbx using Guid(5df4dd81d3f53ac46a93f8254215bf3e) Importer(815301076,1909f56bfc062723c751e8b465ee728b)  -> (artifact id: '6c79b4dd11572f6056d1c16ab156b1b1') in 0.027415 seconds
Number of updated asset objects reloaded before import = 0
Number of asset objects unloaded after import = 11
========================================================================
Received Import Request.
  Time since last request: 0.000025 seconds.
  path: Assets/Cubes/Meshes/Guitar_001.fbx
  artifactKey: Guid(cae63073eb7d99a4c88e257991ba8c94) Importer(815301076,1909f56bfc062723c751e8b465ee728b)
Start importing Assets/Cubes/Meshes/Guitar_001.fbx using Guid(cae63073eb7d99a4c88e257991ba8c94) Importer(815301076,1909f56bfc062723c751e8b465ee728b)  -> (artifact id: '2da1bc28045a7c40eadb89f2920303d7') in 0.025053 seconds
Number of updated asset objects reloaded before import = 0
Number of asset objects unloaded after import = 9
========================================================================
Received Import Request.
  Time since last request: 0.000023 seconds.
  path: Assets/Cubes/Meshes/SteelDrum.fbx
  artifactKey: Guid(88130e49d06348040b384bb0a8546902) Importer(815301076,1909f56bfc062723c751e8b465ee728b)
Start importing Assets/Cubes/Meshes/SteelDrum.fbx using Guid(88130e49d06348040b384bb0a8546902) Importer(815301076,1909f56bfc062723c751e8b465ee728b)  -> (artifact id: '73ada1588f4bd227efb57ce769f6448a') in 0.021390 seconds
Number of updated asset objects reloaded before import = 0
Number of asset objects unloaded after import = 9
========================================================================
Received Import Request.
  Time since last request: 0.000025 seconds.
  path: Assets/Cubes/Meshes/PanFlute.fbx
  artifactKey: Guid(cee33024fe7746341896b617ef88dc94) Importer(815301076,1909f56bfc062723c751e8b465ee728b)
Start importing Assets/Cubes/Meshes/PanFlute.fbx using Guid(cee33024fe7746341896b617ef88dc94) Importer(815301076,1909f56bfc062723c751e8b465ee728b)  -> (artifact id: '41ddf308dce798e90f61301753eed82f') in 0.028833 seconds
Number of updated asset objects reloaded before import = 0
Number of asset objects unloaded after import = 9
========================================================================
Received Import Request.
  Time since last request: 0.000032 seconds.
  path: Assets/Cubes/Meshes/Hut_001.fbx
  artifactKey: Guid(a23440f71a499be43afc29b6678821b1) Importer(815301076,1909f56bfc062723c751e8b465ee728b)
Start importing Assets/Cubes/Meshes/Hut_001.fbx using Guid(a23440f71a499be43afc29b6678821b1) Importer(815301076,1909f56bfc062723c751e8b465ee728b)  -> (artifact id: '0ce5ed336dd2907a692f3e394a0d4078') in 0.030399 seconds
Number of updated asset objects reloaded before import = 0
Number of asset objects unloaded after import = 8
========================================================================
Received Import Request.
  Time since last request: 0.000035 seconds.
  path: Assets/Cubes/Meshes/Rock_001.fbx
  artifactKey: Guid(58f2015bf1459db4d8dfead3d8a948c4) Importer(815301076,1909f56bfc062723c751e8b465ee728b)
Start importing Assets/Cubes/Meshes/Rock_001.fbx using Guid(58f2015bf1459db4d8dfead3d8a948c4) Importer(815301076,1909f56bfc062723c751e8b465ee728b)  -> (artifact id: '3f945aec234adc1f05bca32cc45f4552') in 0.031175 seconds
Number of updated asset objects reloaded before import = 0
Number of asset objects unloaded after import = 8
========================================================================
Received Import Request.
  Time since last request: 0.000019 seconds.
  path: Assets/Cubes/Meshes/Shekere.fbx
  artifactKey: Guid(abcbdbd1ecbbb2542b38e013ea03e94b) Importer(815301076,1909f56bfc062723c751e8b465ee728b)
Start importing Assets/Cubes/Meshes/Shekere.fbx using Guid(abcbdbd1ecbbb2542b38e013ea03e94b) Importer(815301076,1909f56bfc062723c751e8b465ee728b)  -> (artifact id: '6634f57b8ae9ca62095b8a6a1c57027b') in 0.026897 seconds
Number of updated asset objects reloaded before import = 0
Number of asset objects unloaded after import = 8
