Using pre-set license
Built from '2022.3/staging' branch; Version is '2022.3.23f1 (dbb3f7c5b5c6) revision 14398455'; Using compiler version '192829333'; Build Type 'Release'
OS: 'Windows 11  (10.0.22631) 64bit Professional' Language: 'ja' Physical Memory: 32530 MB
BatchMode: 1, IsHumanControllingUs: 0, StartBugReporterOnCrash: 0, Is64bit: 1, IsPro: 1

COMMAND LINE ARGUMENTS:
C:\Program Files\Unity\Hub\Editor\2022.3.23f1\Editor\Unity.exe
-adb2
-batchMode
-noUpm
-name
AssetImportWorker1
-projectPath
C:/Users/y9800/UnityProject/EchoTrail/EchoTrail
-logFile
Logs/AssetImportWorker1.log
-srvPort
62035
Successfully changed project path to: C:/Users/y9800/UnityProject/EchoTrail/EchoTrail
C:/Users/y9800/UnityProject/EchoTrail/EchoTrail
[UnityMemory] Configuration Parameters - Can be set up in boot.config
    "memorysetup-bucket-allocator-granularity=16"
    "memorysetup-bucket-allocator-bucket-count=8"
    "memorysetup-bucket-allocator-block-size=33554432"
    "memorysetup-bucket-allocator-block-count=8"
    "memorysetup-main-allocator-block-size=16777216"
    "memorysetup-thread-allocator-block-size=16777216"
    "memorysetup-gfx-main-allocator-block-size=16777216"
    "memorysetup-gfx-thread-allocator-block-size=16777216"
    "memorysetup-cache-allocator-block-size=4194304"
    "memorysetup-typetree-allocator-block-size=2097152"
    "memorysetup-profiler-bucket-allocator-granularity=16"
    "memorysetup-profiler-bucket-allocator-bucket-count=8"
    "memorysetup-profiler-bucket-allocator-block-size=33554432"
    "memorysetup-profiler-bucket-allocator-block-count=8"
    "memorysetup-profiler-allocator-block-size=16777216"
    "memorysetup-profiler-editor-allocator-block-size=1048576"
    "memorysetup-temp-allocator-size-main=16777216"
    "memorysetup-job-temp-allocator-block-size=2097152"
    "memorysetup-job-temp-allocator-block-size-background=1048576"
    "memorysetup-job-temp-allocator-reduction-small-platforms=262144"
    "memorysetup-allocator-temp-initial-block-size-main=262144"
    "memorysetup-allocator-temp-initial-block-size-worker=262144"
    "memorysetup-temp-allocator-size-background-worker=32768"
    "memorysetup-temp-allocator-size-job-worker=262144"
    "memorysetup-temp-allocator-size-preload-manager=33554432"
    "memorysetup-temp-allocator-size-nav-mesh-worker=65536"
    "memorysetup-temp-allocator-size-audio-worker=65536"
    "memorysetup-temp-allocator-size-cloud-worker=32768"
    "memorysetup-temp-allocator-size-gi-baking-worker=262144"
    "memorysetup-temp-allocator-size-gfx=262144"
Player connection [40048] Host "[IP] 172.21.142.13 [Port] 0 [Flags] 2 [Guid] 2334902487 [EditorId] 2334902487 [Version] 1048832 [Id] WindowsEditor(7,DESKTOP-AAMQ28N) [Debug] 1 [PackageName] WindowsEditor [ProjectName] Editor" joined multi-casting on [225.0.0.222:54997]...

Player connection [40048] Host "[IP] 172.21.142.13 [Port] 0 [Flags] 2 [Guid] 2334902487 [EditorId] 2334902487 [Version] 1048832 [Id] WindowsEditor(7,DESKTOP-AAMQ28N) [Debug] 1 [PackageName] WindowsEditor [ProjectName] Editor" joined alternative multi-casting on [225.0.0.222:34997]...

[Physics::Module] Initialized MultithreadedJobDispatcher with 15 workers.
Refreshing native plugins compatible for Editor in 10.56 ms, found 3 plugins.
Preloading 0 native plugins for Editor in 0.00 ms.
Initialize engine version: 2022.3.23f1 (dbb3f7c5b5c6)
[Subsystems] Discovering subsystems at path C:/Program Files/Unity/Hub/Editor/2022.3.23f1/Editor/Data/Resources/UnitySubsystems
[Subsystems] Discovering subsystems at path C:/Users/y9800/UnityProject/EchoTrail/EchoTrail/Assets
GfxDevice: creating device client; threaded=0; jobified=0
Direct3D:
    Version:  Direct3D 11.0 [level 11.1]
    Renderer: NVIDIA GeForce RTX 3080 Laptop GPU (ID=0x24dc)
    Vendor:   NVIDIA
    VRAM:     8018 MB
    Driver:   32.0.15.6081
Initialize mono
Mono path[0] = 'C:/Program Files/Unity/Hub/Editor/2022.3.23f1/Editor/Data/Managed'
Mono path[1] = 'C:/Program Files/Unity/Hub/Editor/2022.3.23f1/Editor/Data/MonoBleedingEdge/lib/mono/unityjit-win32'
Mono config path = 'C:/Program Files/Unity/Hub/Editor/2022.3.23f1/Editor/Data/MonoBleedingEdge/etc'
Using monoOptions --debugger-agent=transport=dt_socket,embedding=1,server=y,suspend=n,address=127.0.0.1:56868
Begin MonoManager ReloadAssembly
Registering precompiled unity dll's ...
Register platform support module: C:/Program Files/Unity/Hub/Editor/2022.3.23f1/Editor/Data/PlaybackEngines/WindowsStandaloneSupport/UnityEditor.WindowsStandalone.Extensions.dll
Registered in 0.009459 seconds.
- Loaded All Assemblies, in  0.445 seconds
Native extension for WindowsStandalone target not found
Mono: successfully reloaded assembly
- Finished resetting the current domain, in  0.334 seconds
Domain Reload Profiling: 777ms
	BeginReloadAssembly (143ms)
		ExecutionOrderSort (0ms)
		DisableScriptedObjects (0ms)
		BackupInstance (0ms)
		ReleaseScriptingObjects (0ms)
		CreateAndSetChildDomain (2ms)
	RebuildCommonClasses (42ms)
	RebuildNativeTypeToScriptingClass (13ms)
	initialDomainReloadingComplete (73ms)
	LoadAllAssembliesAndSetupDomain (172ms)
		LoadAssemblies (139ms)
		RebuildTransferFunctionScriptingTraits (0ms)
		AnalyzeDomain (169ms)
			TypeCache.Refresh (168ms)
				TypeCache.ScanAssembly (152ms)
			ScanForSourceGeneratedMonoScriptInfo (0ms)
			ResolveRequiredComponents (1ms)
	FinalizeReload (335ms)
		ReleaseScriptCaches (0ms)
		RebuildScriptCaches (0ms)
		SetupLoadedEditorAssemblies (267ms)
			LogAssemblyErrors (0ms)
			InitializePlatformSupportModulesInManaged (12ms)
			SetLoadedEditorAssemblies (9ms)
			RefreshPlugins (0ms)
			BeforeProcessingInitializeOnLoad (2ms)
			ProcessInitializeOnLoadAttributes (189ms)
			ProcessInitializeOnLoadMethodAttributes (54ms)
			AfterProcessingInitializeOnLoad (0ms)
			EditorAssembliesLoaded (0ms)
		ExecutionOrderSort2 (0ms)
		AwakeInstancesAfterBackupRestoration (0ms)
========================================================================
Worker process is ready to serve import requests
Begin MonoManager ReloadAssembly
- Loaded All Assemblies, in  0.712 seconds
Refreshing native plugins compatible for Editor in 3.64 ms, found 3 plugins.
Native extension for WindowsStandalone target not found
Mono: successfully reloaded assembly
- Finished resetting the current domain, in  0.679 seconds
Domain Reload Profiling: 1387ms
	BeginReloadAssembly (173ms)
		ExecutionOrderSort (0ms)
		DisableScriptedObjects (5ms)
		BackupInstance (0ms)
		ReleaseScriptingObjects (0ms)
		CreateAndSetChildDomain (25ms)
	RebuildCommonClasses (38ms)
	RebuildNativeTypeToScriptingClass (14ms)
	initialDomainReloadingComplete (47ms)
	LoadAllAssembliesAndSetupDomain (436ms)
		LoadAssemblies (328ms)
		RebuildTransferFunctionScriptingTraits (0ms)
		AnalyzeDomain (207ms)
			TypeCache.Refresh (186ms)
				TypeCache.ScanAssembly (169ms)
			ScanForSourceGeneratedMonoScriptInfo (15ms)
			ResolveRequiredComponents (5ms)
	FinalizeReload (679ms)
		ReleaseScriptCaches (0ms)
		RebuildScriptCaches (0ms)
		SetupLoadedEditorAssemblies (506ms)
			LogAssemblyErrors (0ms)
			InitializePlatformSupportModulesInManaged (8ms)
			SetLoadedEditorAssemblies (6ms)
			RefreshPlugins (0ms)
			BeforeProcessingInitializeOnLoad (68ms)
			ProcessInitializeOnLoadAttributes (394ms)
			ProcessInitializeOnLoadMethodAttributes (21ms)
			AfterProcessingInitializeOnLoad (9ms)
			EditorAssembliesLoaded (0ms)
		ExecutionOrderSort2 (0ms)
		AwakeInstancesAfterBackupRestoration (9ms)
Launched and connected shader compiler UnityShaderCompiler.exe after 0.05 seconds
Refreshing native plugins compatible for Editor in 5.71 ms, found 3 plugins.
Preloading 0 native plugins for Editor in 0.00 ms.
Unloading 3103 Unused Serialized files (Serialized files now loaded: 0)
Unloading 33 unused Assets / (57.0 KB). Loaded Objects now: 3564.
Memory consumption went from 121.4 MB to 121.4 MB.
Total: 3.784700 ms (FindLiveObjects: 0.278700 ms CreateObjectMapping: 0.247400 ms MarkObjects: 3.158900 ms  DeleteObjects: 0.098400 ms)

AssetImportParameters requested are different than current active one (requested -> active):
  custom:container-demuxer-ogg: 62fdf1f143b41e24485cea50d1cbac27 -> 
  custom:video-codec-MediaFoundation-h265: 746d11721c4dcdbdad8f713fa42b33f4 -> 
  custom:video-decoder-ogg-theora: a1e56fd34408186e4bbccfd4996cb3dc -> 
  custom:framework-win-MediaFoundation: 216162199b28c13a410421893ffa2e32 -> 
  custom:CustomObjectIndexerAttribute: 9a22284fe3817be447336de3de66b15e -> 
  custom:container-demuxer-webm: 4f35f7cbe854078d1ac9338744f61a02 -> 
  custom:container-muxer-webm: aa71ff27fc2769a1b78a27578f13a17b -> 
  custom:video-decoder-webm-vp8: 9c59270c3fd7afecdb556c50c9e8de78 -> 
  custom:SearchIndexIgnoredProperties: e643bd26f0fe6173181afceb89e7c659 -> 
  custom:AudioImporter_EditorPlatform: d09bf68614088b80899f8185d706f6e7 -> 
  custom:video-encoder-webm-vp8: eb34c28f22e8b96e1ab97ce403110664 -> 
  custom:audio-decoder-ogg-vorbis: bf7c407c2cedff20999df2af8eb42d56 -> 
  custom:audio-encoder-webm-vorbis: bf7c407c2cedff20999df2af8eb42d56 -> 
========================================================================
Received Import Request.
  Time since last request: 260270.463097 seconds.
  path: Assets/Cubes/Meshes/Bongo_001.fbx
  artifactKey: Guid(8743e43ca3b8abb41902d36028d00f0c) Importer(815301076,1909f56bfc062723c751e8b465ee728b)
Start importing Assets/Cubes/Meshes/Bongo_001.fbx using Guid(8743e43ca3b8abb41902d36028d00f0c) Importer(815301076,1909f56bfc062723c751e8b465ee728b)  -> (artifact id: '06d8c55eaef24782ccd823fa9ecd190f') in 0.686431 seconds
Number of updated asset objects reloaded before import = 0
Number of asset objects unloaded after import = 10
========================================================================
Received Import Request.
  Time since last request: 0.000055 seconds.
  path: Assets/Cubes/Meshes/Dondo.fbx
  artifactKey: Guid(6f0b0256baf70f14dbaa977b67a67085) Importer(815301076,1909f56bfc062723c751e8b465ee728b)
Start importing Assets/Cubes/Meshes/Dondo.fbx using Guid(6f0b0256baf70f14dbaa977b67a67085) Importer(815301076,1909f56bfc062723c751e8b465ee728b)  -> (artifact id: '1e0fb413303800ef6b0e958f5b5e58c6') in 0.042086 seconds
Number of updated asset objects reloaded before import = 0
Number of asset objects unloaded after import = 10
========================================================================
Received Import Request.
  Time since last request: 0.000030 seconds.
  path: Assets/Cubes/Meshes/Guitar_002.fbx
  artifactKey: Guid(d49582bc796475e45aa0d46c70d29ec0) Importer(815301076,1909f56bfc062723c751e8b465ee728b)
Start importing Assets/Cubes/Meshes/Guitar_002.fbx using Guid(d49582bc796475e45aa0d46c70d29ec0) Importer(815301076,1909f56bfc062723c751e8b465ee728b)  -> (artifact id: '59a954205571b745eaf883984c7da62e') in 0.057225 seconds
Number of updated asset objects reloaded before import = 0
Number of asset objects unloaded after import = 9
========================================================================
Received Import Request.
  Time since last request: 0.000023 seconds.
  path: Assets/Cubes/Meshes/Kalimba.fbx
  artifactKey: Guid(816ed70f4544a824f9ed5696865c6c91) Importer(815301076,1909f56bfc062723c751e8b465ee728b)
Start importing Assets/Cubes/Meshes/Kalimba.fbx using Guid(816ed70f4544a824f9ed5696865c6c91) Importer(815301076,1909f56bfc062723c751e8b465ee728b)  -> (artifact id: 'c06f244a2b9e53981b2d15a10f30ede4') in 0.025018 seconds
Number of updated asset objects reloaded before import = 0
Number of asset objects unloaded after import = 10
========================================================================
Received Import Request.
  Time since last request: 0.000016 seconds.
  path: Assets/Cubes/Meshes/Marimba.fbx
  artifactKey: Guid(64b1a018bfda21d48acf16933d3c92a9) Importer(815301076,1909f56bfc062723c751e8b465ee728b)
Start importing Assets/Cubes/Meshes/Marimba.fbx using Guid(64b1a018bfda21d48acf16933d3c92a9) Importer(815301076,1909f56bfc062723c751e8b465ee728b)  -> (artifact id: '9059b6dbe20965f002e910b8c0e0feef') in 0.029219 seconds
Number of updated asset objects reloaded before import = 0
Number of asset objects unloaded after import = 10
========================================================================
Received Import Request.
  Time since last request: 0.000035 seconds.
  path: Assets/Cubes/Meshes/TalkingDrum.fbx
  artifactKey: Guid(8dcf3ca6fafa1c342af23f29e19e28be) Importer(815301076,1909f56bfc062723c751e8b465ee728b)
Start importing Assets/Cubes/Meshes/TalkingDrum.fbx using Guid(8dcf3ca6fafa1c342af23f29e19e28be) Importer(815301076,1909f56bfc062723c751e8b465ee728b)  -> (artifact id: 'deb9ff1ea59ee36e7024c18bb3fa1e7c') in 0.023616 seconds
Number of updated asset objects reloaded before import = 0
Number of asset objects unloaded after import = 10
========================================================================
Received Import Request.
  Time since last request: 0.000020 seconds.
  path: Assets/Cubes/Meshes/Bush.fbx
  artifactKey: Guid(5f2375e55a1913042a1f9c0fe18b5638) Importer(815301076,1909f56bfc062723c751e8b465ee728b)
Start importing Assets/Cubes/Meshes/Bush.fbx using Guid(5f2375e55a1913042a1f9c0fe18b5638) Importer(815301076,1909f56bfc062723c751e8b465ee728b)  -> (artifact id: '609bce0e3f4a1957e095dbb71b841585') in 0.025239 seconds
Number of updated asset objects reloaded before import = 0
Number of asset objects unloaded after import = 8
========================================================================
Received Import Request.
  Time since last request: 0.000039 seconds.
  path: Assets/Cubes/Meshes/Table_001.fbx
  artifactKey: Guid(2828af2f81cd1fc48a59c03e56fd85e1) Importer(815301076,1909f56bfc062723c751e8b465ee728b)
Start importing Assets/Cubes/Meshes/Table_001.fbx using Guid(2828af2f81cd1fc48a59c03e56fd85e1) Importer(815301076,1909f56bfc062723c751e8b465ee728b)  -> (artifact id: '510dd9c0acb69ec1ecbe31dc2e015a4d') in 0.028492 seconds
Number of updated asset objects reloaded before import = 0
Number of asset objects unloaded after import = 9
========================================================================
Received Import Request.
  Time since last request: 0.000637 seconds.
  path: Assets/Cubes/Meshes/WoodBell.fbx
  artifactKey: Guid(20c3784959534d44f89b4a3401b24635) Importer(815301076,1909f56bfc062723c751e8b465ee728b)
Start importing Assets/Cubes/Meshes/WoodBell.fbx using Guid(20c3784959534d44f89b4a3401b24635) Importer(815301076,1909f56bfc062723c751e8b465ee728b)  -> (artifact id: '1d2b4ab974d38db487ce25bf790348f3') in 0.035428 seconds
Number of updated asset objects reloaded before import = 0
Number of asset objects unloaded after import = 8
========================================================================
Received Import Request.
  Time since last request: 0.000053 seconds.
  path: Assets/Cubes/Meshes/Rock_002.fbx
  artifactKey: Guid(bcb3f3a11592ede4a832180ec695cb1b) Importer(815301076,1909f56bfc062723c751e8b465ee728b)
Start importing Assets/Cubes/Meshes/Rock_002.fbx using Guid(bcb3f3a11592ede4a832180ec695cb1b) Importer(815301076,1909f56bfc062723c751e8b465ee728b)  -> (artifact id: '71d17396db462ee7608198ae23c26615') in 0.027125 seconds
Number of updated asset objects reloaded before import = 0
Number of asset objects unloaded after import = 8
